<?xml version="1.0" encoding="UTF-8"?>
<testsuite xmlns:xsi="http://www.w3.org/2001/XMLSchema-instance" xsi:noNamespaceSchemaLocation="https://maven.apache.org/surefire/maven-surefire-plugin/xsd/surefire-test-report.xsd" version="3.0.2" name="TestSuite" time="366.32" tests="6" errors="0" skipped="0" failures="1" flakes="0">
  <properties>
[...]
</properties>
  <testcase name="runScenario[&quot;User must be able to add the selected product to the cart using Add Cart button.&quot;, &quot;User must be able to add the selected product to the cart&quot;](1)" classname="runners.TestRunner" time="56.557">
    <failure message="Expected condition failed: waiting for visibility of all 0 elements, but no elements were found&#10;(tried for 20 seconds with 500 milliseconds interval)&#10;Build info: version: &apos;4.43.0&apos;, revision: &apos;dd0f534&apos;&#10;System info: os.name: &apos;Windows 11&apos;, os.arch: &apos;amd64&apos;, os.version: &apos;10.0&apos;, java.version: &apos;25.0.1&apos;&#10;Driver info: org.openqa.selenium.chrome.ChromeDriver&#10;Capabilities {acceptInsecureCerts: false, browserName: chrome, browserVersion: 149.0.7827.54, chrome: {chromedriverVersion: 149.0.7827.155 (07b52360cc1..., userDataDir: C:\Users\Lenovo\AppData\Loc...}, fedcm:accounts: true, goog:chromeOptions: {debuggerAddress: localhost:65492}, goog:processID: 21300, networkConnectionEnabled: false, pageLoadStrategy: normal, platformName: windows, proxy: Proxy(), se:cdp: ws://localhost:65492/devtoo..., se:cdpVersion: 149.0.7827.54, setWindowRect: true, strictFileInteractability: false, timeouts: {implicit: 0, pageLoad: 300000, script: 30000}, unhandledPromptBehavior: dismiss and notify, webauthn:extension:credBlob: true, webauthn:extension:largeBlob: true, webauthn:extension:minPinLength: true, webauthn:extension:prf: true, webauthn:virtualAuthenticators: true}&#10;Session ID: a9fa3a03746fb4a0b6b24442f7d034a5" type="org.openqa.selenium.TimeoutException"><![CDATA[org.openqa.selenium.TimeoutException: 
Expected condition failed: waiting for visibility of all 0 elements, but no elements were found
(tried for 20 seconds with 500 milliseconds interval)
Build info: version: '4.43.0', revision: 'dd0f534'
System info: os.name: 'Windows 11', os.arch: 'amd64', os.version: '10.0', java.version: '25.0.1'
Driver info: org.openqa.selenium.chrome.ChromeDriver
Capabilities {acceptInsecureCerts: false, browserName: chrome, browserVersion: 149.0.7827.54, chrome: {chromedriverVersion: 149.0.7827.155 (07b52360cc1..., userDataDir: C:\Users\Lenovo\AppData\Loc...}, fedcm:accounts: true, goog:chromeOptions: {debuggerAddress: localhost:65492}, goog:processID: 21300, networkConnectionEnabled: false, pageLoadStrategy: normal, platformName: windows, proxy: Proxy(), se:cdp: ws://localhost:65492/devtoo..., se:cdpVersion: 149.0.7827.54, setWindowRect: true, strictFileInteractability: false, timeouts: {implicit: 0, pageLoad: 300000, script: 30000}, unhandledPromptBehavior: dismiss and notify, webauthn:extension:credBlob: true, webauthn:extension:largeBlob: true, webauthn:extension:minPinLength: true, webauthn:extension:prf: true, webauthn:virtualAuthenticators: true}
Session ID: a9fa3a03746fb4a0b6b24442f7d034a5
	at org.openqa.selenium.support.ui.WebDriverWait.timeoutException(WebDriverWait.java:85)
	at org.openqa.selenium.support.ui.FluentWait.until(FluentWait.java:234)
	at Pages.AddCart.clickAddCart(AddCart.java:107)
	at stepDefinitions.AddCartSteps.AddCart(AddCartSteps.java:37)
	at ✽.User click on Add to cart button of the product titled "Pyjamas Set".(file:///C:/Users/Lenovo/eclipse-workspace/Amazon/src/test/resources/features/AddCart.feature:12)
]]></failure>
    <system-out><![CDATA[
Scenario: User must be able to add the selected product to the cart using Add Cart button. # src/test/resources/features/AddCart.feature:19
  Given User is On Amazon login page.                                                      # stepDefinitions.LoginSteps.UseronLoginpage()
  When user enters a valid user email and pwd.                                             # stepDefinitions.LoginSteps.validemail()
  Then click on login button.                                                              # stepDefinitions.LoginSteps.clkLogin()
  And User is On Amazon home after succesful login.                                        # stepDefinitions.HomePageSteps.homePage()
  When User search for product "babyboy".                                                  # stepDefinitions.AddCartSteps.searchProduct(java.lang.String)
Search box value =babyboy
  Then User selects the "babyboy dress 2-3 years" appears from the dropdown list.          # stepDefinitions.AddCartSteps.chooseProduct(java.lang.String)
  Then User redirected to results screen.                                                  # stepDefinitions.AddCartSteps.ResultScreen()
[]
  And User click on Add to cart button of the product titled "Pyjamas Set".                # stepDefinitions.AddCartSteps.AddCart(java.lang.String)
      org.openqa.selenium.TimeoutException: Expected condition failed: waiting for visibility of all 0 elements, but no elements were found
(tried for 20 seconds with 500 milliseconds interval)
Build info: version: '4.43.0', revision: 'dd0f534'
System info: os.name: 'Windows 11', os.arch: 'amd64', os.version: '10.0', java.version: '25.0.1'
Driver info: org.openqa.selenium.chrome.ChromeDriver
Capabilities {acceptInsecureCerts: false, browserName: chrome, browserVersion: 149.0.7827.54, chrome: {chromedriverVersion: 149.0.7827.155 (07b52360cc1..., userDataDir: C:\Users\Lenovo\AppData\Loc...}, fedcm:accounts: true, goog:chromeOptions: {debuggerAddress: localhost:65492}, goog:processID: 21300, networkConnectionEnabled: false, pageLoadStrategy: normal, platformName: windows, proxy: Proxy(), se:cdp: ws://localhost:65492/devtoo..., se:cdpVersion: 149.0.7827.54, setWindowRect: true, strictFileInteractability: false, timeouts: {implicit: 0, pageLoad: 300000, script: 30000}, unhandledPromptBehavior: dismiss and notify, webauthn:extension:credBlob: true, webauthn:extension:largeBlob: true, webauthn:extension:minPinLength: true, webauthn:extension:prf: true, webauthn:virtualAuthenticators: true}
Session ID: a9fa3a03746fb4a0b6b24442f7d034a5
	at org.openqa.selenium.support.ui.WebDriverWait.timeoutException(WebDriverWait.java:85)
	at org.openqa.selenium.support.ui.FluentWait.until(FluentWait.java:234)
	at Pages.AddCart.clickAddCart(AddCart.java:107)
	at stepDefinitions.AddCartSteps.AddCart(AddCartSteps.java:37)
	at ✽.User click on Add to cart button of the product titled "Pyjamas Set".(file:///C:/Users/Lenovo/eclipse-workspace/Amazon/src/test/resources/features/AddCart.feature:12)

  Then examine the cart.                                                                   # stepDefinitions.AddCartSteps.CInfo()
  And delete all added products.                                                           # stepDefinitions.AddCartSteps.cDelete()
  And capture the Screenshot                                                               # stepDefinitions.Screenshot.takeScreenshot()
]]></system-out>
    <system-err><![CDATA[SLF4J(W): No SLF4J providers were found.
SLF4J(W): Defaulting to no-operation (NOP) logger implementation
SLF4J(W): See https://www.slf4j.org/codes.html#noProviders for further details.
Jun 17, 2026 6:27:19 PM org.openqa.selenium.devtools.CdpVersionFinder findNearestMatch
WARNING: Unable to find an exact match for CDP version 149, returning the closest version; found: 147; Please update to a Selenium version that supports CDP version 149
]]></system-err>
  </testcase>
  <testcase name="runScenario[&quot;User must be able to add the selected product to the cart using Add Cart button.&quot;, &quot;User must be able to add the selected product to the cart&quot;](2)" classname="runners.TestRunner" time="72.511">
    <system-out><![CDATA[
Scenario: User must be able to add the selected product to the cart using Add Cart button. # src/test/resources/features/AddCart.feature:20
  Given User is On Amazon login page.                                                      # stepDefinitions.LoginSteps.UseronLoginpage()
  When user enters a valid user email and pwd.                                             # stepDefinitions.LoginSteps.validemail()
  Then click on login button.                                                              # stepDefinitions.LoginSteps.clkLogin()
  And User is On Amazon home after succesful login.                                        # stepDefinitions.HomePageSteps.homePage()
  When User search for product "babyboy".                                                  # stepDefinitions.AddCartSteps.searchProduct(java.lang.String)
Search box value =babyboy
  Then User selects the "babyboy dress 2-3 years" appears from the dropdown list.          # stepDefinitions.AddCartSteps.chooseProduct(java.lang.String)
  Then User redirected to results screen.                                                  # stepDefinitions.AddCartSteps.ResultScreen()
[[[ChromeDriver: chrome on windows (e5b4f811562a860f528a74bfd2e3712b)] -> xpath: //div[@data-component-type='s-search-result'][.//h2//span[contains(text(),'Kuchipoo')]]], [[ChromeDriver: chrome on windows (e5b4f811562a860f528a74bfd2e3712b)] -> xpath: //div[@data-component-type='s-search-result'][.//h2//span[contains(text(),'Kuchipoo')]]], [[ChromeDriver: chrome on windows (e5b4f811562a860f528a74bfd2e3712b)] -> xpath: //div[@data-component-type='s-search-result'][.//h2//span[contains(text(),'Kuchipoo')]]], [[ChromeDriver: chrome on windows (e5b4f811562a860f528a74bfd2e3712b)] -> xpath: //div[@data-component-type='s-search-result'][.//h2//span[contains(text(),'Kuchipoo')]]], [[ChromeDriver: chrome on windows (e5b4f811562a860f528a74bfd2e3712b)] -> xpath: //div[@data-component-type='s-search-result'][.//h2//span[contains(text(),'Kuchipoo')]]], [[ChromeDriver: chrome on windows (e5b4f811562a860f528a74bfd2e3712b)] -> xpath: //div[@data-component-type='s-search-result'][.//h2//span[contains(text(),'Kuchipoo')]]], [[ChromeDriver: chrome on windows (e5b4f811562a860f528a74bfd2e3712b)] -> xpath: //div[@data-component-type='s-search-result'][.//h2//span[contains(text(),'Kuchipoo')]]], [[ChromeDriver: chrome on windows (e5b4f811562a860f528a74bfd2e3712b)] -> xpath: //div[@data-component-type='s-search-result'][.//h2//span[contains(text(),'Kuchipoo')]]]]
Products size:8
Product detailsPreviously viewed
Kuchipoo
Kids Regular Fit Cotton T-Shirts and Pyjamas Set
4.2
(151)
Limited time deal
₹597
₹1,899 (69% off)
FREE delivery Tue, 23 Jun
See options
Parent window ID44B3520FB43CDAF5133E0D5C87A1CFBC
Product detailsPreviously viewed
Kuchipoo
Kids Regular Fit Cotton T-Shirts and Pyjamas Set
3.5
(15)
Limited time deal
₹597
₹1,899 (69% off)
FREE delivery Tue, 23 Jun
See options
Parent window ID44B3520FB43CDAF5133E0D5C87A1CFBC
  And User click on Add to cart button of the product titled "Kuchipoo".                   # stepDefinitions.AddCartSteps.AddCart(java.lang.String)
Cart count: 0
  Then examine the cart.                                                                   # stepDefinitions.AddCartSteps.CInfo()
0
  And delete all added products.                                                           # stepDefinitions.AddCartSteps.cDelete()
  And capture the Screenshot                                                               # stepDefinitions.Screenshot.takeScreenshot()
]]></system-out>
    <system-err><![CDATA[Jun 17, 2026 6:28:14 PM org.openqa.selenium.devtools.CdpVersionFinder findNearestMatch
WARNING: Unable to find an exact match for CDP version 149, returning the closest version; found: 147; Please update to a Selenium version that supports CDP version 149
]]></system-err>
  </testcase>
  <testcase name="runScenario[&quot;User must be able to add the selected product to the cart using Add Cart button.&quot;, &quot;User must be able to add the selected product to the cart&quot;](3)" classname="runners.TestRunner" time="78.678">
    <system-out><![CDATA[
Scenario: User must be able to add the selected product to the cart using Add Cart button. # src/test/resources/features/AddCart.feature:21
  Given User is On Amazon login page.                                                      # stepDefinitions.LoginSteps.UseronLoginpage()
  When user enters a valid user email and pwd.                                             # stepDefinitions.LoginSteps.validemail()
  Then click on login button.                                                              # stepDefinitions.LoginSteps.clkLogin()
  And User is On Amazon home after succesful login.                                        # stepDefinitions.HomePageSteps.homePage()
  When User search for product "soap".                                                     # stepDefinitions.AddCartSteps.searchProduct(java.lang.String)
Search box value =soap
  Then User selects the "soap mould" appears from the dropdown list.                       # stepDefinitions.AddCartSteps.chooseProduct(java.lang.String)
  Then User redirected to results screen.                                                  # stepDefinitions.AddCartSteps.ResultScreen()
[[[ChromeDriver: chrome on windows (7072c5cf12944c9eceac1ed332d74341)] -> xpath: //div[@data-component-type='s-search-result'][.//h2//span[contains(text(),'Silicone Mould')]]], [[ChromeDriver: chrome on windows (7072c5cf12944c9eceac1ed332d74341)] -> xpath: //div[@data-component-type='s-search-result'][.//h2//span[contains(text(),'Silicone Mould')]]], [[ChromeDriver: chrome on windows (7072c5cf12944c9eceac1ed332d74341)] -> xpath: //div[@data-component-type='s-search-result'][.//h2//span[contains(text(),'Silicone Mould')]]], [[ChromeDriver: chrome on windows (7072c5cf12944c9eceac1ed332d74341)] -> xpath: //div[@data-component-type='s-search-result'][.//h2//span[contains(text(),'Silicone Mould')]]], [[ChromeDriver: chrome on windows (7072c5cf12944c9eceac1ed332d74341)] -> xpath: //div[@data-component-type='s-search-result'][.//h2//span[contains(text(),'Silicone Mould')]]], [[ChromeDriver: chrome on windows (7072c5cf12944c9eceac1ed332d74341)] -> xpath: //div[@data-component-type='s-search-result'][.//h2//span[contains(text(),'Silicone Mould')]]], [[ChromeDriver: chrome on windows (7072c5cf12944c9eceac1ed332d74341)] -> xpath: //div[@data-component-type='s-search-result'][.//h2//span[contains(text(),'Silicone Mould')]]], [[ChromeDriver: chrome on windows (7072c5cf12944c9eceac1ed332d74341)] -> xpath: //div[@data-component-type='s-search-result'][.//h2//span[contains(text(),'Silicone Mould')]]], [[ChromeDriver: chrome on windows (7072c5cf12944c9eceac1ed332d74341)] -> xpath: //div[@data-component-type='s-search-result'][.//h2//span[contains(text(),'Silicone Mould')]]], [[ChromeDriver: chrome on windows (7072c5cf12944c9eceac1ed332d74341)] -> xpath: //div[@data-component-type='s-search-result'][.//h2//span[contains(text(),'Silicone Mould')]]], [[ChromeDriver: chrome on windows (7072c5cf12944c9eceac1ed332d74341)] -> xpath: //div[@data-component-type='s-search-result'][.//h2//span[contains(text(),'Silicone Mould')]]]]
Products size:11
Product detailsPreviously viewed
Redsky 20gm Approx 25 Cavities Food Grade Soap Silicone Molds Rectangle Soap Mold Handmade Reusable Silicone Moulds Pink Cake Tools Moule Silicone
4.0
(2)
₹275
M.R.P:
₹699 (61% off)
FREE delivery Wed, 24 Jun
Add to cart
Parent window ID572B134579385C96E98235C53236BE47
Product detailsPreviously viewed
12-Cavity Silicone Mould for Soap Making, Loaf, Muffins - Pack of 1, Red
3.9
(42)
50+ bought in past month
₹189
M.R.P:
₹599 (68% off)
FREE delivery Wed, 24 Jun
Add to cart
Parent window ID572B134579385C96E98235C53236BE47
  And User click on Add to cart button of the product titled "Silicone Mould".             # stepDefinitions.AddCartSteps.AddCart(java.lang.String)
Cart count: 0
  Then examine the cart.                                                                   # stepDefinitions.AddCartSteps.CInfo()
0
  And delete all added products.                                                           # stepDefinitions.AddCartSteps.cDelete()
  And capture the Screenshot                                                               # stepDefinitions.Screenshot.takeScreenshot()
]]></system-out>
    <system-err><![CDATA[Jun 17, 2026 6:29:27 PM org.openqa.selenium.devtools.CdpVersionFinder findNearestMatch
WARNING: Unable to find an exact match for CDP version 149, returning the closest version; found: 147; Please update to a Selenium version that supports CDP version 149
]]></system-err>
  </testcase>
  <testcase name="runScenario[&quot;User must be able to add the selected product to the cart using Add Cart button.&quot;, &quot;User must be able to add the selected product to the cart&quot;](4)" classname="runners.TestRunner" time="97.546">
    <system-out><![CDATA[
Scenario: User must be able to add the selected product to the cart using Add Cart button. # src/test/resources/features/AddCart.feature:22
  Given User is On Amazon login page.                                                      # stepDefinitions.LoginSteps.UseronLoginpage()
  When user enters a valid user email and pwd.                                             # stepDefinitions.LoginSteps.validemail()
  Then click on login button.                                                              # stepDefinitions.LoginSteps.clkLogin()
  And User is On Amazon home after succesful login.                                        # stepDefinitions.HomePageSteps.homePage()
  When User search for product "soap".                                                     # stepDefinitions.AddCartSteps.searchProduct(java.lang.String)
Search box value =soap
  Then User selects the "soap mould" appears from the dropdown list.                       # stepDefinitions.AddCartSteps.chooseProduct(java.lang.String)
  Then User redirected to results screen.                                                  # stepDefinitions.AddCartSteps.ResultScreen()
[[[ChromeDriver: chrome on windows (c2756ea4869e6f873e4544bfd0ff3471)] -> xpath: //div[@data-component-type='s-search-result'][.//h2//span[contains(text(),'Soap Base')]]], [[ChromeDriver: chrome on windows (c2756ea4869e6f873e4544bfd0ff3471)] -> xpath: //div[@data-component-type='s-search-result'][.//h2//span[contains(text(),'Soap Base')]]], [[ChromeDriver: chrome on windows (c2756ea4869e6f873e4544bfd0ff3471)] -> xpath: //div[@data-component-type='s-search-result'][.//h2//span[contains(text(),'Soap Base')]]], [[ChromeDriver: chrome on windows (c2756ea4869e6f873e4544bfd0ff3471)] -> xpath: //div[@data-component-type='s-search-result'][.//h2//span[contains(text(),'Soap Base')]]], [[ChromeDriver: chrome on windows (c2756ea4869e6f873e4544bfd0ff3471)] -> xpath: //div[@data-component-type='s-search-result'][.//h2//span[contains(text(),'Soap Base')]]], [[ChromeDriver: chrome on windows (c2756ea4869e6f873e4544bfd0ff3471)] -> xpath: //div[@data-component-type='s-search-result'][.//h2//span[contains(text(),'Soap Base')]]], [[ChromeDriver: chrome on windows (c2756ea4869e6f873e4544bfd0ff3471)] -> xpath: //div[@data-component-type='s-search-result'][.//h2//span[contains(text(),'Soap Base')]]], [[ChromeDriver: chrome on windows (c2756ea4869e6f873e4544bfd0ff3471)] -> xpath: //div[@data-component-type='s-search-result'][.//h2//span[contains(text(),'Soap Base')]]], [[ChromeDriver: chrome on windows (c2756ea4869e6f873e4544bfd0ff3471)] -> xpath: //div[@data-component-type='s-search-result'][.//h2//span[contains(text(),'Soap Base')]]], [[ChromeDriver: chrome on windows (c2756ea4869e6f873e4544bfd0ff3471)] -> xpath: //div[@data-component-type='s-search-result'][.//h2//span[contains(text(),'Soap Base')]]], [[ChromeDriver: chrome on windows (c2756ea4869e6f873e4544bfd0ff3471)] -> xpath: //div[@data-component-type='s-search-result'][.//h2//span[contains(text(),'Soap Base')]]], [[ChromeDriver: chrome on windows (c2756ea4869e6f873e4544bfd0ff3471)] -> xpath: //div[@data-component-type='s-search-result'][.//h2//span[contains(text(),'Soap Base')]]], [[ChromeDriver: chrome on windows (c2756ea4869e6f873e4544bfd0ff3471)] -> xpath: //div[@data-component-type='s-search-result'][.//h2//span[contains(text(),'Soap Base')]]], [[ChromeDriver: chrome on windows (c2756ea4869e6f873e4544bfd0ff3471)] -> xpath: //div[@data-component-type='s-search-result'][.//h2//span[contains(text(),'Soap Base')]]]]
Products size:14
Product detailsPreviously viewed
Sponsored
Soap Mould with Ultra Clear Transparent Glycerin Soap Base 1000g | DIY Soap Making Kit
4.5
(14)
50+ bought in past month
₹299
M.R.P:
₹599 (50% off)
Save 2% with coupon
FREE delivery Tue, 23 Jun
Add to cart
Parent window ID73B01E8821BD2B4F3A7A4F4D0C7B08C0
Product detailsPreviously viewed
MPR4 Silicone Soap Mold | Multicolor 6 Cavity Rectangle,Oval Shape Soap Moulds for Soap Making | Soap Making Kit | Soap Base Mould for Soap Bar, Resin, Chocolate, Cheesecakes (Multicolor - PK1)
4.1
(177)
500+ bought in past month
₹150
M.R.P:
₹599 (75% off)
Up to 5% back with Amazon Pay I...
FREE delivery Wed, 24 Jun
Add to cart
Parent window ID73B01E8821BD2B4F3A7A4F4D0C7B08C0
  And User click on Add to cart button of the product titled "Soap Base".                  # stepDefinitions.AddCartSteps.AddCart(java.lang.String)
Cart count: 2
  Then examine the cart.                                                                   # stepDefinitions.AddCartSteps.CInfo()
2
After delete, cart count: 1
After delete, cart count: 0
  And delete all added products.                                                           # stepDefinitions.AddCartSteps.cDelete()
  And capture the Screenshot                                                               # stepDefinitions.Screenshot.takeScreenshot()
]]></system-out>
    <system-err><![CDATA[Jun 17, 2026 6:30:45 PM org.openqa.selenium.devtools.CdpVersionFinder findNearestMatch
WARNING: Unable to find an exact match for CDP version 149, returning the closest version; found: 147; Please update to a Selenium version that supports CDP version 149
]]></system-err>
  </testcase>
  <testcase name="runScenario[&quot;Home page verification.&quot;, &quot;Amazon Home page&quot;](5)" classname="runners.TestRunner" time="38.124">
    <system-out><![CDATA[
Scenario: Home page verification.                     # src/test/resources/features/Home.feature:7
  Given User is On Amazon login page.                 # stepDefinitions.LoginSteps.UseronLoginpage()
  When user enters a valid user email and pwd.        # stepDefinitions.LoginSteps.validemail()
  Then click on login button.                         # stepDefinitions.LoginSteps.clkLogin()
  Given User is On Amazon home after succesful login. # stepDefinitions.HomePageSteps.homePage()
  When User notice on the top left corner.            # stepDefinitions.HomePageSteps.LogoAtCorner()
Logo is Present
  Then amazon logo is visible.                        # stepDefinitions.HomePageSteps.LogoVisible()
  When User notice the User profile.                  # stepDefinitions.HomePageSteps.UserProAtCorner()
User profile is Present
  Then User can see User Profile.                     # stepDefinitions.HomePageSteps.userInfoVisible()
Hello, Alekhya
Account & Lists
  Then User can see Hello UserName.                   # stepDefinitions.HomePageSteps.userInfoTxtVisible()
  And capture the Screenshot                          # stepDefinitions.Screenshot.takeScreenshot()
]]></system-out>
    <system-err><![CDATA[Jun 17, 2026 6:32:23 PM org.openqa.selenium.devtools.CdpVersionFinder findNearestMatch
WARNING: Unable to find an exact match for CDP version 149, returning the closest version; found: 147; Please update to a Selenium version that supports CDP version 149
]]></system-err>
  </testcase>
  <testcase name="runScenario[&quot;Valid login.&quot;, &quot;Amazon login&quot;](6)" classname="runners.TestRunner" time="20.632">
    <system-out><![CDATA[
Scenario: Valid login.                         # src/test/resources/features/login.feature:2
  Given User is On Amazon login page.          # stepDefinitions.LoginSteps.UseronLoginpage()
  When user enters a valid user email and pwd. # stepDefinitions.LoginSteps.validemail()
  Then click on login button.                  # stepDefinitions.LoginSteps.clkLogin()
  And capture the Screenshot                   # stepDefinitions.Screenshot.takeScreenshot()
]]></system-out>
    <system-err><![CDATA[Jun 17, 2026 6:33:01 PM org.openqa.selenium.devtools.CdpVersionFinder findNearestMatch
WARNING: Unable to find an exact match for CDP version 149, returning the closest version; found: 147; Please update to a Selenium version that supports CDP version 149
]]></system-err>
  </testcase>
</testsuite>