<?xml version="1.0" encoding="UTF-8"?>
<!-- Generated by org.testng.reporters.JUnitReportReporter -->
<testsuite hostname="DESKTOP-GQR988Q" failures="0" tests="6" name="runners.TestRunner" time="266.345" errors="0" timestamp="2026-06-17T18:25:53 IST" skipped="0">
  <testcase classname="runners.TestRunner" name="runScenario" time="44.182"/>
  <testcase classname="runners.TestRunner" name="runScenario" time="54.772"/>
  <testcase classname="runners.TestRunner" name="runScenario" time="18.017"/>
  <testcase classname="runners.TestRunner" name="runScenario" time="20.997"/>
  <testcase classname="runners.TestRunner" name="runScenario" time="60.028"/>
  <testcase classname="runners.TestRunner" name="runScenario" time="68.349"/>
</testsuite> <!-- runners.TestRunner -->
